<?xml version="1.0" encoding="UTF-8"?>
<!-- Generated by org.testng.reporters.JUnitReportReporter -->
<testsuite skipped="0" hostname="Natha" name="test.GitHubTestCase" tests="2" failures="0" timestamp="2022-06-29T20:58:40 IST" time="0.006" errors="0">
  <testcase name="loginTestCase1" time="0.004" classname="test.GitHubTestCase"/>
  <system-out/>
  <testcase name="loginTestCase2" time="0.002" classname="test.GitHubTestCase"/>
  <system-out/>
</testsuite> <!-- test.GitHubTestCase -->
